<?xml version="1.0" encoding="UTF-8"?>
<!-- Generated by org.testng.reporters.JUnitXMLReporter -->
<testsuite hostname="Shuvashish" name="Command line test" tests="8" failures="1" timestamp="25 Feb 2018 20:15:00 GMT" time="59.803" errors="0">
  <testcase name="testHomePage" time="5.903" classname="HomePageTest"/>
  <testcase name="testHomePage" time="5.1" classname="HomePageTest"/>
  <testcase name="testHomePage" time="5.668" classname="HomePageTest"/>
  <testcase name="testHomePage" time="5.164" classname="HomePageTest"/>
  <testcase name="testHomePage" time="5.581" classname="HomePageTest"/>
  <testcase name="testHomePage" time="5.252" classname="HomePageTest"/>
  <testcase name="testNavNames" time="5.076" classname="HomePageTest"/>
  <testcase name="navigateToMensShose" time="5.589" classname="pages.men.MensShoesTest">
    <failure type="java.util.NoSuchElementException" message="No value present">
      <![CDATA[java.util.NoSuchElementException: No value present
	at java.util.Optional.get(Optional.java:135)
	at pages.HomePage.clickLinkFromTopNavs(HomePage.java:25)
	at pages.men.MensShoesTest.navigateToMensShose(MensShoesTest.java:20)
... Removed 34 stack frames]]>
    </failure>
  </testcase> <!-- navigateToMensShose -->
</testsuite> <!-- Command line test -->
